<?xml version="1.0" encoding="UTF-8"?>
<!-- Generated by org.testng.reporters.JUnitReportReporter -->
<testsuite hostname="Raman" failures="0" tests="2" name="mousebehaviour.KeyboardMouseActions" time="6.780" errors="0" timestamp="2025-06-01T14:16:11 EDT" skipped="0">
  <testcase classname="mousebehaviour.KeyboardMouseActions" name="dragAndDrop" time="4.200"/>
  <testcase classname="mousebehaviour.KeyboardMouseActions" name="mouseActions" time="2.580"/>
</testsuite> <!-- mousebehaviour.KeyboardMouseActions -->
