<?xml version="1.0" encoding="UTF-8"?>
<!-- Generated by org.testng.reporters.JUnitReportReporter -->
<testsuite hostname="Raman" failures="0" tests="1" name="windowhandles.windowHandlesEx" time="7.142" errors="0" timestamp="2025-06-12T23:54:40 EDT" skipped="0">
  <testcase classname="windowhandles.windowHandlesEx" name="test" time="7.142"/>
</testsuite> <!-- windowhandles.windowHandlesEx -->
