<?xml version="1.0" encoding="UTF-8"?>
<!-- Generated by org.testng.reporters.JUnitReportReporter -->
<testsuite hostname="Raman" failures="0" tests="1" name="mytests.MyTestNgTest" time="4.876" errors="0" timestamp="2025-05-31T18:08:28 EDT" skipped="0">
  <testcase classname="mytests.MyTestNgTest" name="myFirstSeleniumTest" time="4.876"/>
</testsuite> <!-- mytests.MyTestNgTest -->
