<?xml version="1.0" encoding="UTF-8"?>
<!-- Generated by org.testng.reporters.JUnitReportReporter -->
<testsuite hostname="Raman" failures="0" tests="1" name="browsernavigations.browserNavigationsTest" time="3.385" errors="0" timestamp="2025-05-31T14:08:48 EDT" skipped="0">
  <testcase classname="browsernavigations.browserNavigationsTest" name="testNavigation" time="3.385"/>
</testsuite> <!-- browsernavigations.browserNavigationsTest -->
