<?xml version="1.0" encoding="UTF-8"?>
<!-- Generated by org.testng.reporters.JUnitReportReporter -->
<testsuite hostname="Raman" failures="0" tests="1" name="beforeandafter.beforeAfter" time="4.345" errors="0" timestamp="2025-06-01T12:04:21 EDT" skipped="0">
  <testcase classname="beforeandafter.beforeAfter" name="signIn" time="4.345"/>
</testsuite> <!-- beforeandafter.beforeAfter -->
