<?xml version="1.0" encoding="UTF-8"?>
<!-- Generated by org.testng.reporters.JUnitReportReporter -->
<testsuite hostname="Raman" failures="0" tests="1" name="mousebehaviour.assignmentactions" time="5.794" errors="0" timestamp="2025-06-03T20:11:59 EDT" skipped="0">
  <testcase classname="mousebehaviour.assignmentactions" name="actionsAssigment" time="5.794"/>
</testsuite> <!-- mousebehaviour.assignmentactions -->
