<?xml version="1.0" encoding="UTF-8"?>
<!-- Generated by org.testng.reporters.JUnitReportReporter -->
<testsuite hostname="Raman" failures="0" tests="1" name="alerts.HandleAlerts" time="4.676" errors="0" timestamp="2025-05-31T18:30:01 EDT" skipped="0">
  <testcase classname="alerts.HandleAlerts" name="jsPrompt" time="4.676"/>
</testsuite> <!-- alerts.HandleAlerts -->
